TN:
SF:/home/acerecert/Deloitted_external/server.js
FN:42,(anonymous_0)
FN:55,(anonymous_1)
FN:87,(anonymous_2)
FN:102,(anonymous_3)
FN:119,(anonymous_4)
FN:126,(anonymous_5)
FNF:6
FNH:5
FNDA:2,(anonymous_0)
FNDA:2,(anonymous_1)
FNDA:1,(anonymous_2)
FNDA:1,(anonymous_3)
FNDA:0,(anonymous_4)
FNDA:1,(anonymous_5)
DA:3,1
DA:5,1
DA:9,1
DA:13,1
DA:19,1
DA:23,1
DA:26,1
DA:29,1
DA:30,1
DA:38,1
DA:42,1
DA:48,2
DA:56,2
DA:57,1
DA:58,1
DA:65,1
DA:66,1
DA:67,1
DA:68,1
DA:84,1
DA:93,1
DA:105,1
DA:106,1
DA:107,1
DA:108,1
DA:119,1
DA:120,0
DA:121,0
DA:125,1
DA:126,1
DA:127,1
DA:128,1
DA:130,1
DA:133,1
LF:34
LH:32
BRDA:5,0,0,1
BRDA:5,0,1,0
BRDA:56,1,0,1
BRDA:56,1,1,1
BRDA:66,2,0,1
BRDA:66,2,1,1
BRDA:106,3,0,1
BRDA:106,3,1,1
BRDA:125,4,0,0
BRDA:125,4,1,1
BRF:10
BRH:8
end_of_record
